<?xml version="1.0" encoding="UTF-8"?>
<!-- Generated by org.testng.reporters.JUnitReportReporter -->
<testsuite hostname="DESKTOP-3RNLVPJ" failures="0" tests="2" name="Newng.GroupingDemo" time="0.046" errors="0" timestamp="2024-11-28T17:59:52 IST" skipped="0">
  <testcase classname="Newng.GroupingDemo" name="m1" time="0.042"/>
  <system-out/>
  <testcase classname="Newng.GroupingDemo" name="m2" time="0.004"/>
  <system-out/>
</testsuite> <!-- Newng.GroupingDemo -->
