<?xml version="1.0" encoding="UTF-8"?>
<!-- Generated by org.testng.reporters.JUnitReportReporter -->
<testsuite hostname="DESKTOP-3RNLVPJ" failures="0" tests="3" name="Newng.Demo2" time="0.013" errors="0" timestamp="2024-11-26T15:03:42 IST" skipped="0">
  <testcase classname="Newng.Demo2" name="yourcity" time="0.011"/>
  <testcase classname="Newng.Demo2" name="city" time="0.001"/>
  <testcase classname="Newng.Demo2" name="mycity" time="0.001"/>
</testsuite> <!-- Newng.Demo2 -->
