<?xml version="1.0" encoding="UTF-8"?>
<!-- Generated by org.testng.reporters.JUnitReportReporter -->
<testsuite hostname="DESKTOP-3RNLVPJ" failures="0" tests="2" name="Newng.DependsOnMethods" time="0.015" errors="0" timestamp="2024-11-27T16:10:38 IST" skipped="0">
  <testcase classname="Newng.DependsOnMethods" name="enterCredentials" time="0.001"/>
  <system-out/>
  <testcase classname="Newng.DependsOnMethods" name="enterUrl" time="0.014"/>
  <system-out/>
</testsuite> <!-- Newng.DependsOnMethods -->
