<?xml version="1.0" encoding="UTF-8"?>
<!-- Generated by org.testng.reporters.JUnitReportReporter -->
<testsuite hostname="DESKTOP-3RNLVPJ" failures="0" tests="1" name="Newng.AssertionDemo2" time="0.025" errors="0" timestamp="2024-11-28T18:59:01 IST" skipped="0">
  <testcase classname="Newng.AssertionDemo2" name="m1" time="0.025"/>
  <system-out/>
</testsuite> <!-- Newng.AssertionDemo2 -->
