<?xml version="1.0" encoding="UTF-8"?>
<!-- Generated by org.testng.reporters.JUnitReportReporter -->
<testsuite hostname="DESKTOP-3RNLVPJ" failures="0" tests="1" name="Newng.HandelingNewWindow" time="40.527" errors="0" timestamp="2024-12-04T11:31:32 IST" skipped="0">
  <testcase classname="Newng.HandelingNewWindow" name="new_window" time="40.527"/>
  <system-out/>
</testsuite> <!-- Newng.HandelingNewWindow -->
