<?xml version="1.0" encoding="UTF-8"?>
<!-- Generated by org.testng.reporters.JUnitReportReporter -->
<testsuite hostname="DESKTOP-3RNLVPJ" failures="0" tests="2" name="Newng.Demo3" time="0.012" errors="0" timestamp="2024-11-26T15:13:09 IST" skipped="0">
  <testcase classname="Newng.Demo3" name="openbrowser" time="0.011"/>
  <testcase classname="Newng.Demo3" name="closebrowser" time="0.001"/>
</testsuite> <!-- Newng.Demo3 -->
