<?xml version="1.0" encoding="UTF-8"?>
<!-- Generated by org.testng.reporters.JUnitReportReporter -->
<testsuite hostname="DESKTOP-3RNLVPJ" failures="0" tests="1" name="Newng.UploadingFile" time="25.140" errors="0" timestamp="2024-12-04T17:04:03 IST" skipped="0">
  <testcase classname="Newng.UploadingFile" name="fileHandeling" time="25.140"/>
  <system-out/>
</testsuite> <!-- Newng.UploadingFile -->
