<?xml version="1.0" encoding="UTF-8"?>
<!-- Generated by org.testng.reporters.JUnitReportReporter -->
<testsuite hostname="DESKTOP-3RNLVPJ" failures="0" tests="1" name="Newng.NewDemo" time="0.016" errors="0" timestamp="2024-11-27T12:02:26 IST" skipped="0">
  <testcase classname="Newng.NewDemo" name="car" time="0.016"/>
  <system-out/>
</testsuite> <!-- Newng.NewDemo -->
