<?xml version="1.0" encoding="UTF-8"?>
<!-- Generated by org.testng.reporters.JUnitReportReporter -->
<testsuite hostname="DESKTOP-3RNLVPJ" failures="0" tests="2" name="Newng.Demo1" time="0.010" errors="0" timestamp="2024-11-26T14:43:11 IST" skipped="1">
  <testcase classname="Newng.Demo1" name="main" time="0.010"/>
  <testcase classname="Newng.Demo1" name="m2">
    <skipped/>
  </testcase> <!-- m2 -->
</testsuite> <!-- Newng.Demo1 -->
