<?xml version="1.0" encoding="UTF-8"?>
<!-- Generated by org.testng.reporters.JUnitReportReporter -->
<testsuite hostname="DESKTOP-3RNLVPJ" failures="0" tests="1" name="Newng.CapturingScreenshort1" time="9.829" errors="0" timestamp="2024-11-29T12:36:43 IST" skipped="0">
  <testcase classname="Newng.CapturingScreenshort1" name="image" time="9.829"/>
  <system-out/>
</testsuite> <!-- Newng.CapturingScreenshort1 -->
