<?xml version="1.0" encoding="UTF-8"?>
<!-- Generated by org.testng.reporters.JUnitReportReporter -->
<testsuite hostname="DESKTOP-3RNLVPJ" failures="0" tests="1" name="Newng.CapturingScreenshorts" time="14.186" errors="0" timestamp="2024-11-29T12:11:05 IST" skipped="0">
  <testcase classname="Newng.CapturingScreenshorts" name="screenshort" time="14.186"/>
  <system-out/>
</testsuite> <!-- Newng.CapturingScreenshorts -->
