<?xml version="1.0" encoding="UTF-8"?>
<!-- Generated by org.testng.reporters.JUnitReportReporter -->
<testsuite hostname="DESKTOP-3RNLVPJ" failures="0" tests="2" name="Newng.Demo" time="0.010" errors="0" timestamp="2024-11-27T12:03:57 IST" skipped="0">
  <testcase classname="Newng.Demo" name="m1" time="0.008"/>
  <system-out/>
  <testcase classname="Newng.Demo" name="m2" time="0.002"/>
  <system-out/>
</testsuite> <!-- Newng.Demo -->
